<?xml version="1.0" encoding="UTF-8"?>
<coverage generated="1675185784783" clover="3.2.0">
  <project timestamp="1675185784783" name="All files">
    <metrics statements="42" coveredstatements="17" conditionals="4" coveredconditionals="4" methods="14" coveredmethods="5" elements="60" coveredelements="26" complexity="0" loc="42" ncloc="42" packages="2" files="3" classes="3"/>
    <package name="api">
      <metrics statements="4" coveredstatements="0" conditionals="0" coveredconditionals="0" methods="1" coveredmethods="0"/>
      <file name="api.ts" path="C:\Users\mttro\Documents\DEV\Mentoria\desafios\loja-mks\src\api\api.ts">
        <metrics statements="4" coveredstatements="0" conditionals="0" coveredconditionals="0" methods="1" coveredmethods="0"/>
        <line num="11" count="0" type="stmt"/>
        <line num="12" count="0" type="stmt"/>
        <line num="13" count="0" type="stmt"/>
        <line num="14" count="0" type="stmt"/>
      </file>
    </package>
    <package name="store.slices">
      <metrics statements="38" coveredstatements="17" conditionals="4" coveredconditionals="4" methods="13" coveredmethods="5"/>
      <file name="cartSlice.ts" path="C:\Users\mttro\Documents\DEV\Mentoria\desafios\loja-mks\src\store\slices\cartSlice.ts">
        <metrics statements="32" coveredstatements="17" conditionals="4" coveredconditionals="4" methods="11" coveredmethods="5"/>
        <line num="8" count="1" type="stmt"/>
        <line num="12" count="1" type="stmt"/>
        <line num="17" count="3" type="stmt"/>
        <line num="18" count="3" type="cond" truecount="2" falsecount="0"/>
        <line num="19" count="2" type="stmt"/>
        <line num="21" count="1" type="stmt"/>
        <line num="25" count="1" type="stmt"/>
        <line num="28" count="1" type="stmt"/>
        <line num="29" count="1" type="stmt"/>
        <line num="32" count="1" type="stmt"/>
        <line num="33" count="1" type="stmt"/>
        <line num="37" count="2" type="stmt"/>
        <line num="38" count="2" type="cond" truecount="2" falsecount="0"/>
        <line num="39" count="1" type="stmt"/>
        <line num="45" count="1" type="stmt"/>
        <line num="49" count="0" type="stmt"/>
        <line num="50" count="0" type="stmt"/>
        <line num="51" count="0" type="stmt"/>
        <line num="54" count="0" type="stmt"/>
        <line num="57" count="1" type="stmt"/>
        <line num="58" count="0" type="stmt"/>
        <line num="60" count="0" type="stmt"/>
        <line num="61" count="0" type="stmt"/>
        <line num="62" count="0" type="stmt"/>
        <line num="64" count="0" type="stmt"/>
        <line num="68" count="1" type="stmt"/>
        <line num="69" count="0" type="stmt"/>
        <line num="70" count="0" type="stmt"/>
        <line num="72" count="0" type="stmt"/>
        <line num="73" count="0" type="stmt"/>
        <line num="74" count="0" type="stmt"/>
        <line num="76" count="0" type="stmt"/>
      </file>
      <file name="productsSlice.ts" path="C:\Users\mttro\Documents\DEV\Mentoria\desafios\loja-mks\src\store\slices\productsSlice.ts">
        <metrics statements="6" coveredstatements="0" conditionals="0" coveredconditionals="0" methods="2" coveredmethods="0"/>
        <line num="8" count="0" type="stmt"/>
        <line num="12" count="0" type="stmt"/>
        <line num="17" count="0" type="stmt"/>
        <line num="18" count="0" type="stmt"/>
        <line num="19" count="0" type="stmt"/>
        <line num="25" count="0" type="stmt"/>
      </file>
    </package>
  </project>
</coverage>
