{"C:\\Users\\mttro\\Documents\\DEV\\Mentoria\\desafios\\loja-mks\\src\\api\\api.ts": {"path":"C:\\Users\\mttro\\Documents\\DEV\\Mentoria\\desafios\\loja-mks\\src\\api\\api.ts","statementMap":{"0":{"start":{"line":11,"column":20},"end":{"line":11,"column":135}},"1":{"start":{"line":12,"column":21},"end":{"line":12,"column":35}},"2":{"start":{"line":13,"column":21},"end":{"line":13,"column":46}},"3":{"start":{"line":14,"column":4},"end":{"line":14,"column":20}}},"fnMap":{"0":{"name":"getProducts","decl":{"start":{"line":10,"column":22},"end":{"line":10,"column":33}},"loc":{"start":{"line":10,"column":57},"end":{"line":15,"column":1}},"line":10}},"branchMap":{},"s":{"0":0,"1":0,"2":0,"3":0},"f":{"0":0},"b":{}}
,"C:\\Users\\mttro\\Documents\\DEV\\Mentoria\\desafios\\loja-mks\\src\\store\\slices\\cartSlice.ts": {"path":"C:\\Users\\mttro\\Documents\\DEV\\Mentoria\\desafios\\loja-mks\\src\\store\\slices\\cartSlice.ts","statementMap":{"0":{"start":{"line":8,"column":32},"end":{"line":10,"column":1}},"1":{"start":{"line":12,"column":18},"end":{"line":43,"column":2}},"2":{"start":{"line":17,"column":23},"end":{"line":17,"column":37}},"3":{"start":{"line":18,"column":12},"end":{"line":22,"column":13}},"4":{"start":{"line":19,"column":16},"end":{"line":19,"column":34}},"5":{"start":{"line":21,"column":16},"end":{"line":21,"column":36}},"6":{"start":{"line":25,"column":12},"end":{"line":25,"column":47}},"7":{"start":{"line":28,"column":37},"end":{"line":28,"column":51}},"8":{"start":{"line":29,"column":12},"end":{"line":29,"column":38}},"9":{"start":{"line":32,"column":23},"end":{"line":32,"column":37}},"10":{"start":{"line":33,"column":12},"end":{"line":33,"column":30}},"11":{"start":{"line":37,"column":23},"end":{"line":37,"column":37}},"12":{"start":{"line":38,"column":12},"end":{"line":40,"column":13}},"13":{"start":{"line":39,"column":16},"end":{"line":39,"column":34}},"14":{"start":{"line":45,"column":95},"end":{"line":45,"column":112}},"15":{"start":{"line":49,"column":19},"end":{"line":49,"column":20}},"16":{"start":{"line":50,"column":4},"end":{"line":52,"column":5}},"17":{"start":{"line":51,"column":8},"end":{"line":51,"column":41}},"18":{"start":{"line":54,"column":4},"end":{"line":54,"column":20}},"19":{"start":{"line":57,"column":35},"end":{"line":66,"column":1}},"20":{"start":{"line":58,"column":26},"end":{"line":58,"column":42}},"21":{"start":{"line":60,"column":23},"end":{"line":60,"column":24}},"22":{"start":{"line":61,"column":8},"end":{"line":63,"column":9}},"23":{"start":{"line":62,"column":12},"end":{"line":62,"column":33}},"24":{"start":{"line":64,"column":8},"end":{"line":64,"column":24}},"25":{"start":{"line":68,"column":29},"end":{"line":78,"column":1}},"26":{"start":{"line":69,"column":26},"end":{"line":69,"column":42}},"27":{"start":{"line":70,"column":26},"end":{"line":70,"column":49}},"28":{"start":{"line":72,"column":20},"end":{"line":72,"column":21}},"29":{"start":{"line":73,"column":8},"end":{"line":75,"column":9}},"30":{"start":{"line":74,"column":12},"end":{"line":74,"column":52}},"31":{"start":{"line":76,"column":8},"end":{"line":76,"column":32}}},"fnMap":{"0":{"name":"(anonymous_0)","decl":{"start":{"line":16,"column":8},"end":{"line":16,"column":9}},"loc":{"start":{"line":16,"column":56},"end":{"line":23,"column":9}},"line":16},"1":{"name":"(anonymous_1)","decl":{"start":{"line":24,"column":8},"end":{"line":24,"column":9}},"loc":{"start":{"line":24,"column":61},"end":{"line":26,"column":9}},"line":24},"2":{"name":"(anonymous_2)","decl":{"start":{"line":27,"column":8},"end":{"line":27,"column":9}},"loc":{"start":{"line":27,"column":87},"end":{"line":30,"column":9}},"line":27},"3":{"name":"(anonymous_3)","decl":{"start":{"line":31,"column":8},"end":{"line":31,"column":9}},"loc":{"start":{"line":31,"column":62},"end":{"line":35,"column":9}},"line":31},"4":{"name":"(anonymous_4)","decl":{"start":{"line":36,"column":8},"end":{"line":36,"column":9}},"loc":{"start":{"line":36,"column":62},"end":{"line":41,"column":9}},"line":36},"5":{"name":"getNumItems","decl":{"start":{"line":48,"column":16},"end":{"line":48,"column":27}},"loc":{"start":{"line":48,"column":46},"end":{"line":55,"column":1}},"line":48},"6":{"name":"(anonymous_6)","decl":{"start":{"line":58,"column":4},"end":{"line":58,"column":5}},"loc":{"start":{"line":58,"column":26},"end":{"line":58,"column":42}},"line":58},"7":{"name":"(anonymous_7)","decl":{"start":{"line":59,"column":4},"end":{"line":59,"column":5}},"loc":{"start":{"line":59,"column":15},"end":{"line":65,"column":5}},"line":59},"8":{"name":"(anonymous_8)","decl":{"start":{"line":69,"column":4},"end":{"line":69,"column":5}},"loc":{"start":{"line":69,"column":26},"end":{"line":69,"column":42}},"line":69},"9":{"name":"(anonymous_9)","decl":{"start":{"line":70,"column":4},"end":{"line":70,"column":5}},"loc":{"start":{"line":70,"column":26},"end":{"line":70,"column":49}},"line":70},"10":{"name":"(anonymous_10)","decl":{"start":{"line":71,"column":4},"end":{"line":71,"column":5}},"loc":{"start":{"line":71,"column":25},"end":{"line":77,"column":5}},"line":71}},"branchMap":{"0":{"loc":{"start":{"line":18,"column":12},"end":{"line":22,"column":13}},"type":"if","locations":[{"start":{"line":18,"column":12},"end":{"line":22,"column":13}},{"start":{"line":20,"column":19},"end":{"line":22,"column":13}}],"line":18},"1":{"loc":{"start":{"line":38,"column":12},"end":{"line":40,"column":13}},"type":"if","locations":[{"start":{"line":38,"column":12},"end":{"line":40,"column":13}},{"start":{},"end":{}}],"line":38}},"s":{"0":1,"1":1,"2":3,"3":3,"4":2,"5":1,"6":1,"7":1,"8":1,"9":1,"10":1,"11":2,"12":2,"13":1,"14":1,"15":0,"16":0,"17":0,"18":0,"19":1,"20":0,"21":0,"22":0,"23":0,"24":0,"25":1,"26":0,"27":0,"28":0,"29":0,"30":0,"31":0},"f":{"0":3,"1":1,"2":1,"3":1,"4":2,"5":0,"6":0,"7":0,"8":0,"9":0,"10":0},"b":{"0":[2,1],"1":[1,1]},"_coverageSchema":"1a1c01bbd47fc00a2c39e90264f33305004495a9","hash":"3e90e91d2aa77641b5f0810eab03790edb1f3643"}
,"C:\\Users\\mttro\\Documents\\DEV\\Mentoria\\desafios\\loja-mks\\src\\store\\slices\\productsSlice.ts": {"path":"C:\\Users\\mttro\\Documents\\DEV\\Mentoria\\desafios\\loja-mks\\src\\store\\slices\\productsSlice.ts","statementMap":{"0":{"start":{"line":8,"column":36},"end":{"line":10,"column":1}},"1":{"start":{"line":12,"column":22},"end":{"line":23,"column":2}},"2":{"start":{"line":17,"column":29},"end":{"line":17,"column":43}},"3":{"start":{"line":18,"column":12},"end":{"line":20,"column":14}},"4":{"start":{"line":19,"column":16},"end":{"line":19,"column":53}},"5":{"start":{"line":25,"column":36},"end":{"line":25,"column":57}}},"fnMap":{"0":{"name":"(anonymous_0)","decl":{"start":{"line":16,"column":8},"end":{"line":16,"column":9}},"loc":{"start":{"line":16,"column":67},"end":{"line":21,"column":9}},"line":16},"1":{"name":"(anonymous_1)","decl":{"start":{"line":18,"column":29},"end":{"line":18,"column":30}},"loc":{"start":{"line":18,"column":40},"end":{"line":20,"column":13}},"line":18}},"branchMap":{},"s":{"0":0,"1":0,"2":0,"3":0,"4":0,"5":0},"f":{"0":0,"1":0},"b":{}}
}
