{"C:\\Users\\mttro\\Documents\\DEV\\Mentoria\\desafios\\loja-mks\\src\\App.tsx": {"path":"C:\\Users\\mttro\\Documents\\DEV\\Mentoria\\desafios\\loja-mks\\src\\App.tsx","statementMap":{"0":{"start":{"line":8,"column":2},"end":{"line":17,"column":4}}},"fnMap":{"0":{"name":"App","decl":{"start":{"line":6,"column":9},"end":{"line":6,"column":12}},"loc":{"start":{"line":6,"column":15},"end":{"line":18,"column":1}},"line":6}},"branchMap":{},"s":{"0":0},"f":{"0":0},"b":{}}
,"C:\\Users\\mttro\\Documents\\DEV\\Mentoria\\desafios\\loja-mks\\src\\main.tsx": {"path":"C:\\Users\\mttro\\Documents\\DEV\\Mentoria\\desafios\\loja-mks\\src\\main.tsx","statementMap":{"0":{"start":{"line":8,"column":0},"end":{"line":14,"column":1}}},"fnMap":{},"branchMap":{},"s":{"0":0},"f":{},"b":{}}
,"C:\\Users\\mttro\\Documents\\DEV\\Mentoria\\desafios\\loja-mks\\src\\api\\api.ts": {"path":"C:\\Users\\mttro\\Documents\\DEV\\Mentoria\\desafios\\loja-mks\\src\\api\\api.ts","statementMap":{"0":{"start":{"line":11,"column":20},"end":{"line":11,"column":135}},"1":{"start":{"line":12,"column":21},"end":{"line":12,"column":35}},"2":{"start":{"line":13,"column":21},"end":{"line":13,"column":46}},"3":{"start":{"line":14,"column":4},"end":{"line":14,"column":20}}},"fnMap":{"0":{"name":"getProducts","decl":{"start":{"line":10,"column":22},"end":{"line":10,"column":33}},"loc":{"start":{"line":10,"column":57},"end":{"line":15,"column":1}},"line":10}},"branchMap":{},"s":{"0":0,"1":0,"2":0,"3":0},"f":{"0":0},"b":{}}
,"C:\\Users\\mttro\\Documents\\DEV\\Mentoria\\desafios\\loja-mks\\src\\components\\GlobalStyle.tsx": {"path":"C:\\Users\\mttro\\Documents\\DEV\\Mentoria\\desafios\\loja-mks\\src\\components\\GlobalStyle.tsx","statementMap":{"0":{"start":{"line":3,"column":27},"end":{"line":20,"column":1}}},"fnMap":{},"branchMap":{},"s":{"0":0},"f":{},"b":{}}
,"C:\\Users\\mttro\\Documents\\DEV\\Mentoria\\desafios\\loja-mks\\src\\components\\Footer\\index.tsx": {"path":"C:\\Users\\mttro\\Documents\\DEV\\Mentoria\\desafios\\loja-mks\\src\\components\\Footer\\index.tsx","statementMap":{"0":{"start":{"line":4,"column":2},"end":{"line":8,"column":3}}},"fnMap":{"0":{"name":"Footer","decl":{"start":{"line":3,"column":24},"end":{"line":3,"column":30}},"loc":{"start":{"line":3,"column":33},"end":{"line":9,"column":1}},"line":3}},"branchMap":{},"s":{"0":0},"f":{"0":0},"b":{}}
,"C:\\Users\\mttro\\Documents\\DEV\\Mentoria\\desafios\\loja-mks\\src\\components\\Footer\\styles.tsx": {"path":"C:\\Users\\mttro\\Documents\\DEV\\Mentoria\\desafios\\loja-mks\\src\\components\\Footer\\styles.tsx","statementMap":{"0":{"start":{"line":4,"column":28},"end":{"line":14,"column":1}}},"fnMap":{},"branchMap":{},"s":{"0":0},"f":{},"b":{}}
,"C:\\Users\\mttro\\Documents\\DEV\\Mentoria\\desafios\\loja-mks\\src\\components\\Header\\index.tsx": {"path":"C:\\Users\\mttro\\Documents\\DEV\\Mentoria\\desafios\\loja-mks\\src\\components\\Header\\index.tsx","statementMap":{"0":{"start":{"line":17,"column":21},"end":{"line":17,"column":56}},"1":{"start":{"line":19,"column":48},"end":{"line":19,"column":63}},"2":{"start":{"line":21,"column":23},"end":{"line":21,"column":52}},"3":{"start":{"line":23,"column":4},"end":{"line":85,"column":5}},"4":{"start":{"line":30,"column":36},"end":{"line":30,"column":59}},"5":{"start":{"line":35,"column":46},"end":{"line":35,"column":70}},"6":{"start":{"line":47,"column":28},"end":{"line":76,"column":29}},"7":{"start":{"line":48,"column":32},"end":{"line":58,"column":34}},"8":{"start":{"line":59,"column":32},"end":{"line":61,"column":41}},"9":{"start":{"line":60,"column":36},"end":{"line":60,"column":60}},"10":{"start":{"line":62,"column":32},"end":{"line":62,"column":56}},"11":{"start":{"line":64,"column":32},"end":{"line":75,"column":34}}},"fnMap":{"0":{"name":"Header","decl":{"start":{"line":15,"column":16},"end":{"line":15,"column":22}},"loc":{"start":{"line":15,"column":25},"end":{"line":86,"column":1}},"line":15},"1":{"name":"(anonymous_1)","decl":{"start":{"line":30,"column":30},"end":{"line":30,"column":31}},"loc":{"start":{"line":30,"column":36},"end":{"line":30,"column":59}},"line":30},"2":{"name":"(anonymous_2)","decl":{"start":{"line":35,"column":40},"end":{"line":35,"column":41}},"loc":{"start":{"line":35,"column":46},"end":{"line":35,"column":70}},"line":35},"3":{"name":"(anonymous_3)","decl":{"start":{"line":46,"column":44},"end":{"line":46,"column":45}},"loc":{"start":{"line":46,"column":50},"end":{"line":77,"column":25}},"line":46},"4":{"name":"(anonymous_4)","decl":{"start":{"line":59,"column":43},"end":{"line":59,"column":44}},"loc":{"start":{"line":59,"column":54},"end":{"line":61,"column":34}},"line":59}},"branchMap":{"0":{"loc":{"start":{"line":34,"column":13},"end":{"line":82,"column":24}},"type":"cond-expr","locations":[{"start":{"line":35,"column":16},"end":{"line":81,"column":32}},{"start":{"line":82,"column":20},"end":{"line":82,"column":24}}],"line":34},"1":{"loc":{"start":{"line":47,"column":28},"end":{"line":76,"column":29}},"type":"if","locations":[{"start":{"line":47,"column":28},"end":{"line":76,"column":29}},{"start":{"line":63,"column":35},"end":{"line":76,"column":29}}],"line":47}},"s":{"0":0,"1":0,"2":0,"3":0,"4":0,"5":0,"6":0,"7":0,"8":0,"9":0,"10":0,"11":0},"f":{"0":0,"1":0,"2":0,"3":0,"4":0},"b":{"0":[0,0],"1":[0,0]}}
,"C:\\Users\\mttro\\Documents\\DEV\\Mentoria\\desafios\\loja-mks\\src\\components\\Header\\styles.tsx": {"path":"C:\\Users\\mttro\\Documents\\DEV\\Mentoria\\desafios\\loja-mks\\src\\components\\Header\\styles.tsx","statementMap":{"0":{"start":{"line":4,"column":28},"end":{"line":11,"column":1}},"1":{"start":{"line":13,"column":28},"end":{"line":18,"column":1}},"2":{"start":{"line":20,"column":21},"end":{"line":25,"column":1}},"3":{"start":{"line":27,"column":24},"end":{"line":33,"column":1}},"4":{"start":{"line":35,"column":20},"end":{"line":38,"column":1}},"5":{"start":{"line":40,"column":23},"end":{"line":51,"column":1}},"6":{"start":{"line":53,"column":25},"end":{"line":62,"column":1}},"7":{"start":{"line":64,"column":26},"end":{"line":74,"column":1}},"8":{"start":{"line":76,"column":26},"end":{"line":82,"column":1}}},"fnMap":{},"branchMap":{},"s":{"0":0,"1":0,"2":0,"3":0,"4":0,"5":0,"6":0,"7":0,"8":0},"f":{},"b":{}}
,"C:\\Users\\mttro\\Documents\\DEV\\Mentoria\\desafios\\loja-mks\\src\\components\\Product\\index.tsx": {"path":"C:\\Users\\mttro\\Documents\\DEV\\Mentoria\\desafios\\loja-mks\\src\\components\\Product\\index.tsx","statementMap":{"0":{"start":{"line":13,"column":40},"end":{"line":13,"column":54}},"1":{"start":{"line":15,"column":21},"end":{"line":15,"column":37}},"2":{"start":{"line":16,"column":4},"end":{"line":23,"column":11}},"3":{"start":{"line":17,"column":8},"end":{"line":22,"column":10}},"4":{"start":{"line":18,"column":12},"end":{"line":18,"column":49}},"5":{"start":{"line":21,"column":12},"end":{"line":21,"column":32}},"6":{"start":{"line":25,"column":21},"end":{"line":25,"column":69}},"7":{"start":{"line":25,"column":45},"end":{"line":25,"column":68}},"8":{"start":{"line":27,"column":4},"end":{"line":47,"column":5}},"9":{"start":{"line":31,"column":16},"end":{"line":44,"column":17}},"10":{"start":{"line":39,"column":47},"end":{"line":39,"column":75}}},"fnMap":{"0":{"name":"Product","decl":{"start":{"line":11,"column":24},"end":{"line":11,"column":31}},"loc":{"start":{"line":11,"column":34},"end":{"line":48,"column":1}},"line":11},"1":{"name":"(anonymous_1)","decl":{"start":{"line":16,"column":14},"end":{"line":16,"column":15}},"loc":{"start":{"line":16,"column":20},"end":{"line":23,"column":5}},"line":16},"2":{"name":"(anonymous_2)","decl":{"start":{"line":17,"column":27},"end":{"line":17,"column":28}},"loc":{"start":{"line":17,"column":41},"end":{"line":19,"column":9}},"line":17},"3":{"name":"(anonymous_3)","decl":{"start":{"line":20,"column":17},"end":{"line":20,"column":18}},"loc":{"start":{"line":20,"column":23},"end":{"line":22,"column":9}},"line":20},"4":{"name":"(anonymous_4)","decl":{"start":{"line":25,"column":36},"end":{"line":25,"column":37}},"loc":{"start":{"line":25,"column":45},"end":{"line":25,"column":68}},"line":25},"5":{"name":"(anonymous_5)","decl":{"start":{"line":30,"column":41},"end":{"line":30,"column":42}},"loc":{"start":{"line":30,"column":49},"end":{"line":45,"column":13}},"line":30},"6":{"name":"(anonymous_6)","decl":{"start":{"line":39,"column":41},"end":{"line":39,"column":42}},"loc":{"start":{"line":39,"column":47},"end":{"line":39,"column":75}},"line":39}},"branchMap":{"0":{"loc":{"start":{"line":29,"column":13},"end":{"line":29,"column":45}},"type":"binary-expr","locations":[{"start":{"line":29,"column":13},"end":{"line":29,"column":23}},{"start":{"line":29,"column":27},"end":{"line":29,"column":45}}],"line":29}},"s":{"0":0,"1":0,"2":0,"3":0,"4":0,"5":0,"6":0,"7":0,"8":0,"9":0,"10":0},"f":{"0":0,"1":0,"2":0,"3":0,"4":0,"5":0,"6":0},"b":{"0":[0,0]}}
,"C:\\Users\\mttro\\Documents\\DEV\\Mentoria\\desafios\\loja-mks\\src\\components\\Product\\styles.tsx": {"path":"C:\\Users\\mttro\\Documents\\DEV\\Mentoria\\desafios\\loja-mks\\src\\components\\Product\\styles.tsx","statementMap":{"0":{"start":{"line":4,"column":25},"end":{"line":12,"column":1}},"1":{"start":{"line":14,"column":20},"end":{"line":61,"column":1}},"2":{"start":{"line":63,"column":22},"end":{"line":94,"column":1}}},"fnMap":{},"branchMap":{},"s":{"0":0,"1":0,"2":0},"f":{},"b":{}}
,"C:\\Users\\mttro\\Documents\\DEV\\Mentoria\\desafios\\loja-mks\\src\\components\\ProductOnCart\\index.tsx": {"path":"C:\\Users\\mttro\\Documents\\DEV\\Mentoria\\desafios\\loja-mks\\src\\components\\ProductOnCart\\index.tsx","statementMap":{"0":{"start":{"line":10,"column":21},"end":{"line":10,"column":71}},"1":{"start":{"line":10,"column":47},"end":{"line":10,"column":70}},"2":{"start":{"line":11,"column":18},"end":{"line":11,"column":61}},"3":{"start":{"line":11,"column":44},"end":{"line":11,"column":60}},"4":{"start":{"line":12,"column":21},"end":{"line":12,"column":37}},"5":{"start":{"line":14,"column":4},"end":{"line":39,"column":1}},"6":{"start":{"line":17,"column":12},"end":{"line":36,"column":23}},"7":{"start":{"line":23,"column":76},"end":{"line":23,"column":113}},"8":{"start":{"line":25,"column":76},"end":{"line":25,"column":113}},"9":{"start":{"line":34,"column":35},"end":{"line":34,"column":63}}},"fnMap":{"0":{"name":"ProductOnCart","decl":{"start":{"line":8,"column":16},"end":{"line":8,"column":29}},"loc":{"start":{"line":8,"column":32},"end":{"line":39,"column":2}},"line":8},"1":{"name":"(anonymous_1)","decl":{"start":{"line":10,"column":36},"end":{"line":10,"column":37}},"loc":{"start":{"line":10,"column":47},"end":{"line":10,"column":70}},"line":10},"2":{"name":"(anonymous_2)","decl":{"start":{"line":11,"column":33},"end":{"line":11,"column":34}},"loc":{"start":{"line":11,"column":44},"end":{"line":11,"column":60}},"line":11},"3":{"name":"(anonymous_3)","decl":{"start":{"line":16,"column":35},"end":{"line":16,"column":36}},"loc":{"start":{"line":17,"column":12},"end":{"line":36,"column":23}},"line":17},"4":{"name":"(anonymous_4)","decl":{"start":{"line":23,"column":70},"end":{"line":23,"column":71}},"loc":{"start":{"line":23,"column":76},"end":{"line":23,"column":113}},"line":23},"5":{"name":"(anonymous_5)","decl":{"start":{"line":25,"column":70},"end":{"line":25,"column":71}},"loc":{"start":{"line":25,"column":76},"end":{"line":25,"column":113}},"line":25},"6":{"name":"(anonymous_6)","decl":{"start":{"line":34,"column":29},"end":{"line":34,"column":30}},"loc":{"start":{"line":34,"column":35},"end":{"line":34,"column":63}},"line":34}},"branchMap":{},"s":{"0":0,"1":0,"2":0,"3":0,"4":0,"5":0,"6":0,"7":0,"8":0,"9":0},"f":{"0":0,"1":0,"2":0,"3":0,"4":0,"5":0,"6":0},"b":{}}
,"C:\\Users\\mttro\\Documents\\DEV\\Mentoria\\desafios\\loja-mks\\src\\components\\ProductOnCart\\styles.tsx": {"path":"C:\\Users\\mttro\\Documents\\DEV\\Mentoria\\desafios\\loja-mks\\src\\components\\ProductOnCart\\styles.tsx","statementMap":{"0":{"start":{"line":4,"column":28},"end":{"line":21,"column":1}},"1":{"start":{"line":23,"column":24},"end":{"line":102,"column":1}}},"fnMap":{},"branchMap":{},"s":{"0":0,"1":0},"f":{},"b":{}}
,"C:\\Users\\mttro\\Documents\\DEV\\Mentoria\\desafios\\loja-mks\\src\\components\\ShopCartModal\\index.tsx": {"path":"C:\\Users\\mttro\\Documents\\DEV\\Mentoria\\desafios\\loja-mks\\src\\components\\ShopCartModal\\index.tsx","statementMap":{"0":{"start":{"line":12,"column":31},"end":{"line":14,"column":5}},"1":{"start":{"line":13,"column":8},"end":{"line":13,"column":40}},"2":{"start":{"line":13,"column":30},"end":{"line":13,"column":40}},"3":{"start":{"line":16,"column":4},"end":{"line":28,"column":5}}},"fnMap":{"0":{"name":"ShopCartModal","decl":{"start":{"line":10,"column":16},"end":{"line":10,"column":29}},"loc":{"start":{"line":10,"column":89},"end":{"line":29,"column":1}},"line":10},"1":{"name":"(anonymous_1)","decl":{"start":{"line":10,"column":56},"end":{"line":10,"column":57}},"loc":{"start":{"line":10,"column":62},"end":{"line":10,"column":64}},"line":10},"2":{"name":"(anonymous_2)","decl":{"start":{"line":12,"column":31},"end":{"line":12,"column":32}},"loc":{"start":{"line":12,"column":43},"end":{"line":14,"column":5}},"line":12}},"branchMap":{"0":{"loc":{"start":{"line":10,"column":32},"end":{"line":10,"column":44}},"type":"default-arg","locations":[{"start":{"line":10,"column":37},"end":{"line":10,"column":44}}],"line":10},"1":{"loc":{"start":{"line":10,"column":46},"end":{"line":10,"column":64}},"type":"default-arg","locations":[{"start":{"line":10,"column":56},"end":{"line":10,"column":64}}],"line":10},"2":{"loc":{"start":{"line":13,"column":8},"end":{"line":13,"column":40}},"type":"if","locations":[{"start":{"line":13,"column":8},"end":{"line":13,"column":40}},{"start":{},"end":{}}],"line":13}},"s":{"0":0,"1":0,"2":0,"3":0},"f":{"0":0,"1":0,"2":0},"b":{"0":[0],"1":[0],"2":[0,0]}}
,"C:\\Users\\mttro\\Documents\\DEV\\Mentoria\\desafios\\loja-mks\\src\\components\\ShopCartModal\\styles.tsx": {"path":"C:\\Users\\mttro\\Documents\\DEV\\Mentoria\\desafios\\loja-mks\\src\\components\\ShopCartModal\\styles.tsx","statementMap":{"0":{"start":{"line":4,"column":27},"end":{"line":35,"column":1}}},"fnMap":{},"branchMap":{},"s":{"0":0},"f":{},"b":{}}
,"C:\\Users\\mttro\\Documents\\DEV\\Mentoria\\desafios\\loja-mks\\src\\components\\SkeletonEffect\\index.tsx": {"path":"C:\\Users\\mttro\\Documents\\DEV\\Mentoria\\desafios\\loja-mks\\src\\components\\SkeletonEffect\\index.tsx","statementMap":{"0":{"start":{"line":6,"column":33},"end":{"line":6,"column":57}},"1":{"start":{"line":8,"column":4},"end":{"line":25,"column":5}},"2":{"start":{"line":11,"column":16},"end":{"line":22,"column":17}}},"fnMap":{"0":{"name":"SkeletonEffect","decl":{"start":{"line":4,"column":24},"end":{"line":4,"column":38}},"loc":{"start":{"line":4,"column":41},"end":{"line":26,"column":1}},"line":4},"1":{"name":"(anonymous_1)","decl":{"start":{"line":10,"column":31},"end":{"line":10,"column":32}},"loc":{"start":{"line":10,"column":37},"end":{"line":23,"column":13}},"line":10}},"branchMap":{},"s":{"0":0,"1":0,"2":0},"f":{"0":0,"1":0},"b":{}}
,"C:\\Users\\mttro\\Documents\\DEV\\Mentoria\\desafios\\loja-mks\\src\\components\\SkeletonEffect\\styles.tsx": {"path":"C:\\Users\\mttro\\Documents\\DEV\\Mentoria\\desafios\\loja-mks\\src\\components\\SkeletonEffect\\styles.tsx","statementMap":{"0":{"start":{"line":3,"column":28},"end":{"line":9,"column":1}},"1":{"start":{"line":11,"column":28},"end":{"line":23,"column":1}}},"fnMap":{},"branchMap":{},"s":{"0":0,"1":0},"f":{},"b":{}}
,"C:\\Users\\mttro\\Documents\\DEV\\Mentoria\\desafios\\loja-mks\\src\\components\\UI\\Variables.tsx": {"path":"C:\\Users\\mttro\\Documents\\DEV\\Mentoria\\desafios\\loja-mks\\src\\components\\UI\\Variables.tsx","statementMap":{"0":{"start":{"line":1,"column":28},"end":{"line":1,"column":37}},"1":{"start":{"line":2,"column":30},"end":{"line":2,"column":54}},"2":{"start":{"line":3,"column":29},"end":{"line":3,"column":38}},"3":{"start":{"line":4,"column":27},"end":{"line":4,"column":51}},"4":{"start":{"line":6,"column":25},"end":{"line":6,"column":34}}},"fnMap":{},"branchMap":{},"s":{"0":0,"1":0,"2":0,"3":0,"4":0},"f":{},"b":{}}
,"C:\\Users\\mttro\\Documents\\DEV\\Mentoria\\desafios\\loja-mks\\src\\hooks\\useAppDispatch.ts": {"path":"C:\\Users\\mttro\\Documents\\DEV\\Mentoria\\desafios\\loja-mks\\src\\hooks\\useAppDispatch.ts","statementMap":{"0":{"start":{"line":4,"column":30},"end":{"line":4,"column":62}},"1":{"start":{"line":4,"column":36},"end":{"line":4,"column":62}},"2":{"start":{"line":5,"column":63},"end":{"line":5,"column":74}}},"fnMap":{"0":{"name":"(anonymous_0)","decl":{"start":{"line":4,"column":30},"end":{"line":4,"column":31}},"loc":{"start":{"line":4,"column":36},"end":{"line":4,"column":62}},"line":4}},"branchMap":{},"s":{"0":0,"1":0,"2":0},"f":{"0":0},"b":{}}
,"C:\\Users\\mttro\\Documents\\DEV\\Mentoria\\desafios\\loja-mks\\src\\store\\index.tsx": {"path":"C:\\Users\\mttro\\Documents\\DEV\\Mentoria\\desafios\\loja-mks\\src\\store\\index.tsx","statementMap":{"0":{"start":{"line":5,"column":21},"end":{"line":10,"column":2}}},"fnMap":{},"branchMap":{},"s":{"0":0},"f":{},"b":{}}
,"C:\\Users\\mttro\\Documents\\DEV\\Mentoria\\desafios\\loja-mks\\src\\store\\slices\\cartSlice.ts": {"path":"C:\\Users\\mttro\\Documents\\DEV\\Mentoria\\desafios\\loja-mks\\src\\store\\slices\\cartSlice.ts","statementMap":{"0":{"start":{"line":8,"column":32},"end":{"line":10,"column":1}},"1":{"start":{"line":12,"column":18},"end":{"line":43,"column":2}},"2":{"start":{"line":17,"column":23},"end":{"line":17,"column":37}},"3":{"start":{"line":18,"column":12},"end":{"line":22,"column":13}},"4":{"start":{"line":19,"column":16},"end":{"line":19,"column":34}},"5":{"start":{"line":21,"column":16},"end":{"line":21,"column":36}},"6":{"start":{"line":25,"column":12},"end":{"line":25,"column":47}},"7":{"start":{"line":28,"column":37},"end":{"line":28,"column":51}},"8":{"start":{"line":29,"column":12},"end":{"line":29,"column":38}},"9":{"start":{"line":32,"column":23},"end":{"line":32,"column":37}},"10":{"start":{"line":33,"column":12},"end":{"line":33,"column":30}},"11":{"start":{"line":37,"column":23},"end":{"line":37,"column":37}},"12":{"start":{"line":38,"column":12},"end":{"line":40,"column":13}},"13":{"start":{"line":39,"column":16},"end":{"line":39,"column":34}},"14":{"start":{"line":45,"column":95},"end":{"line":45,"column":112}},"15":{"start":{"line":49,"column":19},"end":{"line":49,"column":20}},"16":{"start":{"line":50,"column":4},"end":{"line":52,"column":5}},"17":{"start":{"line":51,"column":8},"end":{"line":51,"column":41}},"18":{"start":{"line":54,"column":4},"end":{"line":54,"column":20}},"19":{"start":{"line":57,"column":35},"end":{"line":66,"column":1}},"20":{"start":{"line":58,"column":26},"end":{"line":58,"column":42}},"21":{"start":{"line":60,"column":23},"end":{"line":60,"column":24}},"22":{"start":{"line":61,"column":8},"end":{"line":63,"column":9}},"23":{"start":{"line":62,"column":12},"end":{"line":62,"column":33}},"24":{"start":{"line":64,"column":8},"end":{"line":64,"column":24}},"25":{"start":{"line":68,"column":29},"end":{"line":78,"column":1}},"26":{"start":{"line":69,"column":26},"end":{"line":69,"column":42}},"27":{"start":{"line":70,"column":26},"end":{"line":70,"column":49}},"28":{"start":{"line":72,"column":20},"end":{"line":72,"column":21}},"29":{"start":{"line":73,"column":8},"end":{"line":75,"column":9}},"30":{"start":{"line":74,"column":12},"end":{"line":74,"column":52}},"31":{"start":{"line":76,"column":8},"end":{"line":76,"column":32}}},"fnMap":{"0":{"name":"(anonymous_0)","decl":{"start":{"line":16,"column":8},"end":{"line":16,"column":9}},"loc":{"start":{"line":16,"column":56},"end":{"line":23,"column":9}},"line":16},"1":{"name":"(anonymous_1)","decl":{"start":{"line":24,"column":8},"end":{"line":24,"column":9}},"loc":{"start":{"line":24,"column":61},"end":{"line":26,"column":9}},"line":24},"2":{"name":"(anonymous_2)","decl":{"start":{"line":27,"column":8},"end":{"line":27,"column":9}},"loc":{"start":{"line":27,"column":87},"end":{"line":30,"column":9}},"line":27},"3":{"name":"(anonymous_3)","decl":{"start":{"line":31,"column":8},"end":{"line":31,"column":9}},"loc":{"start":{"line":31,"column":62},"end":{"line":35,"column":9}},"line":31},"4":{"name":"(anonymous_4)","decl":{"start":{"line":36,"column":8},"end":{"line":36,"column":9}},"loc":{"start":{"line":36,"column":62},"end":{"line":41,"column":9}},"line":36},"5":{"name":"getNumItems","decl":{"start":{"line":48,"column":16},"end":{"line":48,"column":27}},"loc":{"start":{"line":48,"column":46},"end":{"line":55,"column":1}},"line":48},"6":{"name":"(anonymous_6)","decl":{"start":{"line":58,"column":4},"end":{"line":58,"column":5}},"loc":{"start":{"line":58,"column":26},"end":{"line":58,"column":42}},"line":58},"7":{"name":"(anonymous_7)","decl":{"start":{"line":59,"column":4},"end":{"line":59,"column":5}},"loc":{"start":{"line":59,"column":15},"end":{"line":65,"column":5}},"line":59},"8":{"name":"(anonymous_8)","decl":{"start":{"line":69,"column":4},"end":{"line":69,"column":5}},"loc":{"start":{"line":69,"column":26},"end":{"line":69,"column":42}},"line":69},"9":{"name":"(anonymous_9)","decl":{"start":{"line":70,"column":4},"end":{"line":70,"column":5}},"loc":{"start":{"line":70,"column":26},"end":{"line":70,"column":49}},"line":70},"10":{"name":"(anonymous_10)","decl":{"start":{"line":71,"column":4},"end":{"line":71,"column":5}},"loc":{"start":{"line":71,"column":25},"end":{"line":77,"column":5}},"line":71}},"branchMap":{"0":{"loc":{"start":{"line":18,"column":12},"end":{"line":22,"column":13}},"type":"if","locations":[{"start":{"line":18,"column":12},"end":{"line":22,"column":13}},{"start":{"line":20,"column":19},"end":{"line":22,"column":13}}],"line":18},"1":{"loc":{"start":{"line":38,"column":12},"end":{"line":40,"column":13}},"type":"if","locations":[{"start":{"line":38,"column":12},"end":{"line":40,"column":13}},{"start":{},"end":{}}],"line":38}},"s":{"0":1,"1":1,"2":3,"3":3,"4":2,"5":1,"6":1,"7":1,"8":1,"9":1,"10":1,"11":2,"12":2,"13":1,"14":1,"15":2,"16":2,"17":3,"18":2,"19":1,"20":7,"21":5,"22":5,"23":10,"24":5,"25":1,"26":7,"27":7,"28":7,"29":7,"30":10,"31":7},"f":{"0":3,"1":1,"2":1,"3":1,"4":2,"5":2,"6":7,"7":5,"8":7,"9":7,"10":7},"b":{"0":[2,1],"1":[1,1]},"_coverageSchema":"1a1c01bbd47fc00a2c39e90264f33305004495a9","hash":"3e90e91d2aa77641b5f0810eab03790edb1f3643"}
,"C:\\Users\\mttro\\Documents\\DEV\\Mentoria\\desafios\\loja-mks\\src\\store\\slices\\productsSlice.ts": {"path":"C:\\Users\\mttro\\Documents\\DEV\\Mentoria\\desafios\\loja-mks\\src\\store\\slices\\productsSlice.ts","statementMap":{"0":{"start":{"line":8,"column":36},"end":{"line":10,"column":1}},"1":{"start":{"line":12,"column":22},"end":{"line":23,"column":2}},"2":{"start":{"line":17,"column":29},"end":{"line":17,"column":43}},"3":{"start":{"line":18,"column":12},"end":{"line":20,"column":14}},"4":{"start":{"line":19,"column":16},"end":{"line":19,"column":53}},"5":{"start":{"line":25,"column":36},"end":{"line":25,"column":57}}},"fnMap":{"0":{"name":"(anonymous_0)","decl":{"start":{"line":16,"column":8},"end":{"line":16,"column":9}},"loc":{"start":{"line":16,"column":67},"end":{"line":21,"column":9}},"line":16},"1":{"name":"(anonymous_1)","decl":{"start":{"line":18,"column":29},"end":{"line":18,"column":30}},"loc":{"start":{"line":18,"column":40},"end":{"line":20,"column":13}},"line":18}},"branchMap":{},"s":{"0":1,"1":1,"2":5,"3":5,"4":28,"5":1},"f":{"0":5,"1":28},"b":{},"_coverageSchema":"1a1c01bbd47fc00a2c39e90264f33305004495a9","hash":"5d7078dbb772c758b67fc32a2782a4941c87fc6e"}
}
