TN:
SF:src\api\api.ts
FN:10,getProducts
FNF:1
FNH:0
FNDA:0,getProducts
DA:11,0
DA:12,0
DA:13,0
DA:14,0
LF:4
LH:0
BRF:0
BRH:0
end_of_record
TN:
SF:src\store\slices\cartSlice.ts
FN:16,(anonymous_0)
FN:24,(anonymous_1)
FN:27,(anonymous_2)
FN:31,(anonymous_3)
FN:36,(anonymous_4)
FN:48,getNumItems
FN:58,(anonymous_6)
FN:59,(anonymous_7)
FN:69,(anonymous_8)
FN:70,(anonymous_9)
FN:71,(anonymous_10)
FNF:11
FNH:5
FNDA:3,(anonymous_0)
FNDA:1,(anonymous_1)
FNDA:1,(anonymous_2)
FNDA:1,(anonymous_3)
FNDA:2,(anonymous_4)
FNDA:0,getNumItems
FNDA:0,(anonymous_6)
FNDA:0,(anonymous_7)
FNDA:0,(anonymous_8)
FNDA:0,(anonymous_9)
FNDA:0,(anonymous_10)
DA:8,1
DA:12,1
DA:17,3
DA:18,3
DA:19,2
DA:21,1
DA:25,1
DA:28,1
DA:29,1
DA:32,1
DA:33,1
DA:37,2
DA:38,2
DA:39,1
DA:45,1
DA:49,0
DA:50,0
DA:51,0
DA:54,0
DA:57,1
DA:58,0
DA:60,0
DA:61,0
DA:62,0
DA:64,0
DA:68,1
DA:69,0
DA:70,0
DA:72,0
DA:73,0
DA:74,0
DA:76,0
LF:32
LH:17
BRDA:18,0,0,2
BRDA:18,0,1,1
BRDA:38,1,0,1
BRDA:38,1,1,1
BRF:4
BRH:4
end_of_record
TN:
SF:src\store\slices\productsSlice.ts
FN:16,(anonymous_0)
FN:18,(anonymous_1)
FNF:2
FNH:0
FNDA:0,(anonymous_0)
FNDA:0,(anonymous_1)
DA:8,0
DA:12,0
DA:17,0
DA:18,0
DA:19,0
DA:25,0
LF:6
LH:0
BRF:0
BRH:0
end_of_record
