TN:
SF:src\App.tsx
FN:6,App
FNF:1
FNH:0
FNDA:0,App
DA:8,0
LF:1
LH:0
BRF:0
BRH:0
end_of_record
TN:
SF:src\main.tsx
FNF:0
FNH:0
DA:8,0
LF:1
LH:0
BRF:0
BRH:0
end_of_record
TN:
SF:src\api\api.ts
FN:10,getProducts
FNF:1
FNH:0
FNDA:0,getProducts
DA:11,0
DA:12,0
DA:13,0
DA:14,0
LF:4
LH:0
BRF:0
BRH:0
end_of_record
TN:
SF:src\components\GlobalStyle.tsx
FNF:0
FNH:0
DA:3,0
LF:1
LH:0
BRF:0
BRH:0
end_of_record
TN:
SF:src\components\Footer\index.tsx
FN:3,Footer
FNF:1
FNH:0
FNDA:0,Footer
DA:4,0
LF:1
LH:0
BRF:0
BRH:0
end_of_record
TN:
SF:src\components\Footer\styles.tsx
FNF:0
FNH:0
DA:4,0
LF:1
LH:0
BRF:0
BRH:0
end_of_record
TN:
SF:src\components\Header\index.tsx
FN:15,Header
FN:30,(anonymous_1)
FN:35,(anonymous_2)
FN:46,(anonymous_3)
FN:59,(anonymous_4)
FNF:5
FNH:0
FNDA:0,Header
FNDA:0,(anonymous_1)
FNDA:0,(anonymous_2)
FNDA:0,(anonymous_3)
FNDA:0,(anonymous_4)
DA:17,0
DA:19,0
DA:21,0
DA:23,0
DA:30,0
DA:35,0
DA:47,0
DA:48,0
DA:59,0
DA:60,0
DA:62,0
DA:64,0
LF:12
LH:0
BRDA:34,0,0,0
BRDA:34,0,1,0
BRDA:47,1,0,0
BRDA:47,1,1,0
BRF:4
BRH:0
end_of_record
TN:
SF:src\components\Header\styles.tsx
FNF:0
FNH:0
DA:4,0
DA:13,0
DA:20,0
DA:27,0
DA:35,0
DA:40,0
DA:53,0
DA:64,0
DA:76,0
LF:9
LH:0
BRF:0
BRH:0
end_of_record
TN:
SF:src\components\Product\index.tsx
FN:10,Product
FN:13,(anonymous_1)
FN:14,(anonymous_2)
FN:19,(anonymous_3)
FN:23,(anonymous_4)
FN:32,(anonymous_5)
FNF:6
FNH:0
FNDA:0,Product
FNDA:0,(anonymous_1)
FNDA:0,(anonymous_2)
FNDA:0,(anonymous_3)
FNDA:0,(anonymous_4)
FNDA:0,(anonymous_5)
DA:12,0
DA:13,0
DA:14,0
DA:15,0
DA:19,0
DA:21,0
DA:24,0
DA:32,0
LF:8
LH:0
BRF:0
BRH:0
end_of_record
TN:
SF:src\components\Product\styles.tsx
FNF:0
FNH:0
DA:4,0
DA:14,0
DA:63,0
LF:3
LH:0
BRF:0
BRH:0
end_of_record
TN:
SF:src\components\ProductOnCart\index.tsx
FN:8,ProductOnCart
FN:10,(anonymous_1)
FN:11,(anonymous_2)
FN:16,(anonymous_3)
FN:23,(anonymous_4)
FN:25,(anonymous_5)
FN:34,(anonymous_6)
FNF:7
FNH:0
FNDA:0,ProductOnCart
FNDA:0,(anonymous_1)
FNDA:0,(anonymous_2)
FNDA:0,(anonymous_3)
FNDA:0,(anonymous_4)
FNDA:0,(anonymous_5)
FNDA:0,(anonymous_6)
DA:10,0
DA:11,0
DA:12,0
DA:14,0
DA:17,0
DA:23,0
DA:25,0
DA:34,0
LF:8
LH:0
BRF:0
BRH:0
end_of_record
TN:
SF:src\components\ProductOnCart\styles.tsx
FNF:0
FNH:0
DA:4,0
DA:23,0
LF:2
LH:0
BRF:0
BRH:0
end_of_record
TN:
SF:src\components\ShopCartModal\index.tsx
FN:10,ShopCartModal
FN:10,(anonymous_1)
FN:12,(anonymous_2)
FNF:3
FNH:0
FNDA:0,ShopCartModal
FNDA:0,(anonymous_1)
FNDA:0,(anonymous_2)
DA:12,0
DA:13,0
DA:16,0
LF:3
LH:0
BRDA:10,0,0,0
BRDA:10,1,0,0
BRDA:13,2,0,0
BRDA:13,2,1,0
BRF:4
BRH:0
end_of_record
TN:
SF:src\components\ShopCartModal\styles.tsx
FNF:0
FNH:0
DA:4,0
LF:1
LH:0
BRF:0
BRH:0
end_of_record
TN:
SF:src\components\UI\Variables.tsx
FNF:0
FNH:0
DA:1,0
DA:2,0
DA:3,0
DA:4,0
DA:6,0
LF:5
LH:0
BRF:0
BRH:0
end_of_record
TN:
SF:src\hooks\useAppDispatch.ts
FN:4,(anonymous_0)
FNF:1
FNH:0
FNDA:0,(anonymous_0)
DA:4,0
DA:5,0
LF:2
LH:0
BRF:0
BRH:0
end_of_record
TN:
SF:src\store\index.tsx
FNF:0
FNH:0
DA:5,0
LF:1
LH:0
BRF:0
BRH:0
end_of_record
TN:
SF:src\store\slices\cartSlice.ts
FN:16,(anonymous_0)
FN:24,(anonymous_1)
FN:27,(anonymous_2)
FN:31,(anonymous_3)
FN:36,(anonymous_4)
FN:48,getNumItems
FN:58,(anonymous_6)
FN:59,(anonymous_7)
FN:69,(anonymous_8)
FN:70,(anonymous_9)
FN:71,(anonymous_10)
FNF:11
FNH:0
FNDA:0,(anonymous_0)
FNDA:0,(anonymous_1)
FNDA:0,(anonymous_2)
FNDA:0,(anonymous_3)
FNDA:0,(anonymous_4)
FNDA:0,getNumItems
FNDA:0,(anonymous_6)
FNDA:0,(anonymous_7)
FNDA:0,(anonymous_8)
FNDA:0,(anonymous_9)
FNDA:0,(anonymous_10)
DA:8,0
DA:12,0
DA:17,0
DA:18,0
DA:19,0
DA:21,0
DA:25,0
DA:28,0
DA:29,0
DA:32,0
DA:33,0
DA:37,0
DA:38,0
DA:39,0
DA:45,0
DA:49,0
DA:50,0
DA:51,0
DA:54,0
DA:57,0
DA:58,0
DA:60,0
DA:61,0
DA:62,0
DA:64,0
DA:68,0
DA:69,0
DA:70,0
DA:72,0
DA:73,0
DA:74,0
DA:76,0
LF:32
LH:0
BRDA:18,0,0,0
BRDA:18,0,1,0
BRDA:38,1,0,0
BRDA:38,1,1,0
BRF:4
BRH:0
end_of_record
TN:
SF:src\store\slices\productsSlice.ts
FN:16,(anonymous_0)
FN:18,(anonymous_1)
FNF:2
FNH:2
FNDA:5,(anonymous_0)
FNDA:28,(anonymous_1)
DA:8,1
DA:12,1
DA:17,5
DA:18,5
DA:19,28
DA:25,1
LF:6
LH:6
BRF:0
BRH:0
end_of_record
